[debug] [2023-11-03T11:44:41.873Z] ----------------------------------------------------------------------
[debug] [2023-11-03T11:44:41.875Z] Command:       /usr/local/bin/node /usr/local/bin/firebase init
[debug] [2023-11-03T11:44:41.875Z] CLI Version:   11.15.0
[debug] [2023-11-03T11:44:41.875Z] Platform:      darwin
[debug] [2023-11-03T11:44:41.875Z] Node Version:  v16.17.0
[debug] [2023-11-03T11:44:41.880Z] Time:          Fri Nov 03 2023 14:44:41 GMT+0300 (Москва, стандартное время)
[debug] [2023-11-03T11:44:41.880Z] ----------------------------------------------------------------------
[debug] 
[debug] [2023-11-03T11:44:41.884Z] > command requires scopes: ["email","openid","https://www.googleapis.com/auth/cloudplatformprojects.readonly","https://www.googleapis.com/auth/firebase","https://www.googleapis.com/auth/cloud-platform"]
[debug] [2023-11-03T11:44:41.884Z] > authorizing via signed-in user (da_buddha@bk.ru)
[info] 
     ######## #### ########  ######## ########     ###     ######  ########
     ##        ##  ##     ## ##       ##     ##  ##   ##  ##       ##
     ######    ##  ########  ######   ########  #########  ######  ######
     ##        ##  ##    ##  ##       ##     ## ##     ##       ## ##
     ##       #### ##     ## ######## ########  ##     ##  ######  ########

You're about to initialize a Firebase project in this directory:

  /Users/danila/Desktop/timetable/mobile

[info] 
=== Project Setup
[info] 
[info] First, let's associate this project directory with a Firebase project.
[info] You can create multiple project aliases by running firebase use --add, 
[info] but for now we'll just set up a default project.
[info] 
[debug] [2023-11-03T11:44:50.708Z] > refreshing access token with scopes: []
[debug] [2023-11-03T11:44:50.711Z] >>> [apiv2][query] POST https://www.googleapis.com/oauth2/v3/token [none]
[debug] [2023-11-03T11:44:50.711Z] >>> [apiv2][body] POST https://www.googleapis.com/oauth2/v3/token [omitted]
[debug] [2023-11-03T11:44:50.976Z] <<< [apiv2][status] POST https://www.googleapis.com/oauth2/v3/token 400
[debug] [2023-11-03T11:44:50.976Z] <<< [apiv2][body] POST https://www.googleapis.com/oauth2/v3/token [omitted]
[debug] [2023-11-03T11:44:50.977Z] >>> [apiv2][query] GET https://firebase.googleapis.com/v1beta1/projects pageSize=100
[debug] [2023-11-03T11:44:51.154Z] <<< [apiv2][status] GET https://firebase.googleapis.com/v1beta1/projects 401
[debug] [2023-11-03T11:44:51.154Z] <<< [apiv2][body] GET https://firebase.googleapis.com/v1beta1/projects [omitted]
[debug] [2023-11-03T11:44:51.155Z] HTTP Error: 401, Request had invalid authentication credentials. Expected OAuth 2 access token, login cookie or other valid authentication credential. See https://developers.google.com/identity/sign-in/web/devconsole-project.
[debug] [2023-11-03T11:44:51.156Z] FirebaseError: HTTP Error: 401, Request had invalid authentication credentials. Expected OAuth 2 access token, login cookie or other valid authentication credential. See https://developers.google.com/identity/sign-in/web/devconsole-project.
    at responseToError (/usr/local/lib/node_modules/firebase-tools/lib/responseToError.js:49:12)
    at RetryOperation._fn (/usr/local/lib/node_modules/firebase-tools/lib/apiv2.js:288:77)
    at processTicksAndRejections (node:internal/process/task_queues:96:5)
[error] 
[error] Error: Failed to list Firebase projects. See firebase-debug.log for more info.
